<?xml version="1.0" encoding="UTF-8"?>
<!-- Generated by org.testng.reporters.JUnitReportReporter -->
<testsuite hostname="DESKTOP-DJ4FDME" failures="0" tests="4" name="org.xyz.automation.HandlingKeyboardMouse" time="37.433" errors="0" timestamp="2024-06-06T06:49:15 IST" skipped="2">
  <testcase classname="org.xyz.automation.HandlingKeyboardMouse" name="handleFrames" time="32.226"/>
  <testcase classname="org.xyz.automation.HandlingKeyboardMouse" name="handleAlerts" time="5.207"/>
  <testcase classname="org.xyz.automation.HandlingKeyboardMouse" name="handleMouse">
    <skipped/>
  </testcase> <!-- handleMouse -->
  <testcase classname="org.xyz.automation.HandlingKeyboardMouse" name="handleKeyboard">
    <skipped/>
  </testcase> <!-- handleKeyboard -->
</testsuite> <!-- org.xyz.automation.HandlingKeyboardMouse -->
