<?xml version="1.0" encoding="UTF-8"?>
<!-- Generated by org.testng.reporters.JUnitReportReporter -->
<testsuite hostname="DESKTOP-DJ4FDME" failures="0" tests="6" name="testNGDemo.TestScenario7" time="0.027" errors="0" timestamp="2024-05-23T06:49:13 IST" skipped="0">
  <testcase classname="testNGDemo.TestScenario7" name="first_testcase" time="0.001"/>
  <testcase classname="testNGDemo.TestScenario7" name="fifth_testcase" time="0.022"/>
  <testcase classname="testNGDemo.TestScenario7" name="third_testcase" time="0.002"/>
  <testcase classname="testNGDemo.TestScenario7" name="forth_testcase" time="0.000"/>
  <testcase classname="testNGDemo.TestScenario7" name="sixth_testcase" time="0.001"/>
  <testcase classname="testNGDemo.TestScenario7" name="second_testcase" time="0.001"/>
</testsuite> <!-- testNGDemo.TestScenario7 -->
