<?xml version="1.0" encoding="UTF-8"?>
<!-- Generated by org.testng.reporters.JUnitReportReporter -->
<testsuite hostname="DESKTOP-DJ4FDME" failures="0" tests="1" name="secondPkg.RevisionClass" time="0.018" errors="0" timestamp="2024-05-26T07:19:37 IST" skipped="0">
  <testcase classname="secondPkg.RevisionClass" name="method1" time="0.018"/>
</testsuite> <!-- secondPkg.RevisionClass -->
