<?xml version="1.0" encoding="UTF-8"?>
<!-- Generated by org.testng.reporters.JUnitReportReporter -->
<testsuite hostname="DESKTOP-DJ4FDME" failures="0" tests="3" name="org.wipro.auto.fb.testcases.LoginScenario_DDF" time="19.178" errors="0" timestamp="2024-06-08T07:00:18 IST" skipped="0">
  <testcase classname="org.wipro.auto.fb.testcases.LoginScenario_DDF" name="tc01_validateloginfunc" time="5.869"/>
  <testcase classname="org.wipro.auto.fb.testcases.LoginScenario_DDF" name="tc01_validateloginfunc" time="6.031"/>
  <testcase classname="org.wipro.auto.fb.testcases.LoginScenario_DDF" name="tc01_validateloginfunc" time="7.278"/>
</testsuite> <!-- org.wipro.auto.fb.testcases.LoginScenario_DDF -->
