<?xml version="1.0" encoding="UTF-8"?>
<!-- Generated by org.testng.reporters.JUnitReportReporter -->
<testsuite hostname="DESKTOP-DJ4FDME" failures="0" tests="2" name="org.xyz.automation.FirstAutomation" time="7.984" errors="0" timestamp="2024-05-31T07:06:26 IST" skipped="0">
  <testcase classname="org.xyz.automation.FirstAutomation" name="loginfunc" time="3.289"/>
  <testcase classname="org.xyz.automation.FirstAutomation" name="signupfunc" time="4.695"/>
</testsuite> <!-- org.xyz.automation.FirstAutomation -->
