<?xml version="1.0" encoding="UTF-8"?>
<!-- Generated by org.testng.reporters.JUnitReportReporter -->
<testsuite hostname="Ramani" failures="0" tests="1" name="org.wipro.auto.fb.testcases.LoginScenario" time="6.561" errors="0" timestamp="2024-06-10T21:08:03 EDT" skipped="0">
  <testcase classname="org.wipro.auto.fb.testcases.LoginScenario" name="tc01_validateloginfunc" time="6.561"/>
</testsuite> <!-- org.wipro.auto.fb.testcases.LoginScenario -->
