<?xml version="1.0" encoding="UTF-8"?>
<!-- Generated by org.testng.reporters.JUnitReportReporter -->
<testsuite hostname="DESKTOP-DJ4FDME" failures="0" tests="6" name="testNGDemo.TestScenario8" time="0.005" errors="0" timestamp="2024-05-23T06:49:13 IST" skipped="0">
  <testcase classname="testNGDemo.TestScenario8" name="fifth_testcase" time="0.001"/>
  <testcase classname="testNGDemo.TestScenario8" name="first_testcase" time="0.000"/>
  <testcase classname="testNGDemo.TestScenario8" name="third_testcase" time="0.001"/>
  <testcase classname="testNGDemo.TestScenario8" name="second_testcase" time="0.001"/>
  <testcase classname="testNGDemo.TestScenario8" name="sixth_testcase" time="0.001"/>
  <testcase classname="testNGDemo.TestScenario8" name="forth_testcase" time="0.001"/>
</testsuite> <!-- testNGDemo.TestScenario8 -->
