<?xml version="1.0" encoding="UTF-8"?>
<!-- Generated by org.testng.reporters.JUnitReportReporter -->
<testsuite hostname="DESKTOP-DJ4FDME" failures="0" tests="1" name="org.xyz.automation.BrowserControl" time="11.883" errors="0" timestamp="2024-05-31T07:18:44 IST" skipped="0">
  <testcase classname="org.xyz.automation.BrowserControl" name="launchBrowser" time="11.883"/>
</testsuite> <!-- org.xyz.automation.BrowserControl -->
